<?xml version="1.0" encoding="UTF-8"?>
<testng-results ignored="0" total="2" passed="2" failed="0" skipped="0">
  <reporter-output>
  </reporter-output>
  <suite started-at="2024-09-09T13:58:49 IST" name="Suite" finished-at="2024-09-09T13:58:50 IST" duration-ms="63">
    <groups>
    </groups>
    <test started-at="2024-09-09T13:58:49 IST" name="Test" finished-at="2024-09-09T13:58:50 IST" duration-ms="63">
      <class name="com.testngg.FirstTestCase">
        <test-method signature="hello()[pri:0, instance:com.testngg.FirstTestCase@4145bad8]" started-at="2024-09-09T13:58:50 IST" name="hello" finished-at="2024-09-09T13:58:50 IST" duration-ms="9" status="PASS">
          <reporter-output>
          </reporter-output>
        </test-method> <!-- hello -->
        <test-method signature="hii()[pri:1, instance:com.testngg.FirstTestCase@4145bad8]" started-at="2024-09-09T13:58:50 IST" name="hii" finished-at="2024-09-09T13:58:50 IST" duration-ms="1" status="PASS">
          <reporter-output>
          </reporter-output>
        </test-method> <!-- hii -->
      </class> <!-- com.testngg.FirstTestCase -->
    </test> <!-- Test -->
  </suite> <!-- Suite -->
</testng-results>
